{"level":"error","message":"PARAMETER page IS MISSING"}
{"level":"error","message":"PARAMETER page IS MISSING"}
{"level":"error","message":"PARAMETER page IS MISSING"}
{"level":"error","message":"PARAMETER page IS MISSING"}
{"level":"error","message":"PARAMETER page IS MISSING"}
{"level":"error","message":"PARAMETER page IS MISSING"}
{"level":"error","message":"jwt malformed"}
{"level":"error","message":"Validation error"}
{"level":"error","message":"invalid input syntax for type integer: \"NaN\""}
{"level":"error","message":"invalid input syntax for type integer: \"NaN\""}
{"level":"error","message":"invalid input syntax for type integer: \"NaN\""}
{"level":"error","message":"[object Object]"}
{"level":"error","message":"[object Object]"}
{"level":"error","message":""}
{"level":"error","message":"[object Object]"}
{"level":"error","message":"[object Object]"}
{"level":"error","message":"errors is not iterable"}
{"level":"error","message":"dafs"}
{"level":"error","message":""}
{"level":"error","message":"[object Object]"}
{"level":"error","message":"[object Object]"}
{"level":"error","message":"[object Object]"}
{"level":"error","message":"{\"errors\":[{\"msg\":\"Invalid value\",\"param\":\"id\",\"location\":\"body\"},{\"msg\":\"Invalid value\",\"param\":\"overview\",\"location\":\"body\"}]}"}
{"level":"error","message":"{\n  \"errors\": [\n    {\n      \"msg\": \"Invalid value\",\n      \"param\": \"id\",\n      \"location\": \"body\"\n    },\n    {\n      \"msg\": \"Invalid value\",\n      \"param\": \"overview\",\n      \"location\": \"body\"\n    }\n  ]\n}"}
{"level":"error","message":"{\n     \"errors\": [\n          {\n               \"msg\": \"Invalid value\",\n               \"param\": \"id\",\n               \"location\": \"body\"\n          },\n          {\n               \"msg\": \"Invalid value\",\n               \"param\": \"overview\",\n               \"location\": \"body\"\n          }\n     ]\n}"}
{"level":"error","message":"{\n \"errors\": [\n  {\n   \"msg\": \"Invalid value\",\n   \"param\": \"id\",\n   \"location\": \"body\"\n  },\n  {\n   \"msg\": \"Invalid value\",\n   \"param\": \"overview\",\n   \"location\": \"body\"\n  }\n ]\n}"}
{"level":"error","message":"[\n {\n  \"msg\": \"Invalid value\",\n  \"param\": \"id\",\n  \"location\": \"body\"\n },\n {\n  \"msg\": \"Invalid value\",\n  \"param\": \"overview\",\n  \"location\": \"body\"\n }\n]"}
{"level":"error","message":"[\n     {\n          \"msg\": \"Invalid value\",\n          \"param\": \"id\",\n          \"location\": \"body\"\n     },\n     {\n          \"msg\": \"Invalid value\",\n          \"param\": \"overview\",\n          \"location\": \"body\"\n     }\n]"}
{"level":"error","message":"Cannot read properties of undefined (reading 'isEmpty')"}
{"level":"error","message":"[object Object]"}
{"level":"error","message":""}
{"level":"error","message":""}
{"level":"error","message":"PARAMETER overview IS MISSING"}
{"level":"error","message":"PARAMETER overview IS MISSING"}
{"level":"error"}
{"level":"error","message":"PARAMETER overview IS MISSING"}
{"level":"error","message":"notNull Violation: Movie.overview cannot be null"}
{"level":"error","message":"notNull Violation: Movie.overview cannot be null"}
{"level":"error","message":"notNull Violation: Movie.overview cannot be null"}
{"level":"error","message":"notNull Violation: Movie.overview cannot be null"}
{"level":"error","message":"invalid input syntax for type integer: \"NaN\""}
{"level":"error","message":"invalid input syntax for type integer: \"NaN\""}
{"level":"error","message":"invalid input syntax for type integer: \"NaN\""}
{"level":"error","message":"invalid input syntax for type integer: \"NaN\""}
{"level":"error","message":"Deletion Failed"}
{"level":"error","message":"column \"2\" does not exist"}
{"level":"error","message":"notNull Violation: User.created_at cannot be null,\nnotNull Violation: User.updated_at cannot be null"}
{"level":"error","message":"column \"createdAt\" of relation \"User\" does not exist"}
{"level":"error","message":"column \"created_at\" of relation \"User\" does not exist"}
{"level":"error","message":"column \"created_at\" of relation \"User\" does not exist"}
{"level":"error","message":"Cannot read properties of undefined (reading 'findAll')"}
{"level":"error","message":"Cannot read properties of undefined (reading 'getAll')"}
{"level":"error","message":"Cannot read properties of undefined (reading 'getAll')"}
{"level":"error","message":"Cannot read properties of undefined (reading 'getAll')"}
{"level":"error","message":"Movie is not defined"}
{"level":"error","message":"Movie is not defined"}
{"level":"error","message":"movie.getAll is not a function"}
{"level":"error","message":"movie.getAll is not a function"}
{"level":"error","message":"Cannot read properties of undefined (reading 'getAll')"}
{"level":"error","message":"movie.getAll is not a function"}
{"level":"error","message":"movie.getAll is not a function"}
{"level":"error","message":"movie.getAll is not a function"}
{"level":"error","message":"movie.getAll is not a function"}
{"level":"error","message":"db.movie.getAll is not a function"}
{"level":"error","message":"this.findAll is not a function"}
{"level":"error","message":"this.findAll is not a function"}
{"level":"error","message":"this.findAll is not a function"}
{"level":"error","message":"movie.getAll is not a function"}
{"level":"error","message":"movie.getAll is not a function"}
{"level":"error","message":"movie.getAll is not a function"}
{"level":"error","message":"Cannot read properties of undefined (reading 'getAll')"}
{"level":"error","message":"Cannot read properties of undefined (reading 'getAll')"}
{"level":"error","message":"movie.getAll is not a function"}
{"level":"error","message":"movie.getAll is not a function"}
{"level":"error","message":"Cannot read properties of undefined (reading 'getAll')"}
{"level":"error","message":"movie.getAll is not a function"}
{"level":"error","message":"Access denied. No token provided"}
{"level":"error","message":"Maximum call stack size exceeded"}
{"level":"error","message":"Missing where or truncate attribute in the options parameter of model.destroy."}
{"level":"error","message":"Missing where or truncate attribute in the options parameter of model.destroy."}
{"level":"error","message":"column \"878978\" does not exist"}
