{"level":"error","message":"Validation error"}
{"level":"error","message":"Class constructor BadRequest cannot be invoked without 'new'"}
{"level":"error","message":"Access denied. No token provided"}
{"level":"error","message":"Unexpected token r in JSON at position 6"}
{"level":"error","message":"Unexpected token r in JSON at position 6"}
{"level":"error","message":"Unexpected token r in JSON at position 6"}
{"level":"error","message":"Unexpected token r in JSON at position 6"}
{"level":"error","message":"Unexpected token r in JSON at position 6"}
{"level":"error","message":"Access denied. No token provided"}
{"level":"error","message":"Access denied. No token provided"}
{"level":"error","message":"Access denied. No token provided"}
{"level":"error","message":"Access denied. No token provided"}
{"level":"error","message":"jwt malformed"}
{"level":"error","message":"jwt malformed"}
{"level":"error","message":"jwt malformed"}
{"level":"error","message":"jwt malformed"}
{"level":"error","message":"jwt malformed"}
{"level":"error","message":"Access denied. No token provided"}
{"level":"error","message":"Access denied. No token provided"}
{"level":"error","message":"Access denied. No token provided"}
{"level":"error","message":"Access denied. No token provided"}
{"level":"error","message":"Validation error"}
{"level":"error","message":"Validation error: Validation isEmail on email failed"}
{"level":"error","message":"Connection terminated unexpectedly"}
{"level":"error","message":"Connection terminated unexpectedly"}
{"level":"error","message":"Connection terminated unexpectedly"}
{"level":"error","message":"Connection terminated unexpectedly"}
{"level":"error","message":"unsupported charset \"UTF-8\""}
{"level":"error","message":"unsupported charset \"UTF-8\""}
{"level":"error","message":"Connection terminated unexpectedly"}
{"level":"error","message":"PARAMETER email IS MISSING"}
{"level":"error","message":"relation \"User\" does not exist"}
{"level":"error","message":"relation \"User\" does not exist"}
{"level":"error","message":"Validation error"}
{"level":"error","message":"Validation error"}
{"level":"error","message":"Validation error"}
{"level":"error","message":"USER NOT FOUND"}
{"level":"error","message":"Validation error"}
{"level":"error","message":"USER NOT FOUND"}
{"level":"error","message":"Validation error"}
{"level":"error","message":"Validation error"}
{"level":"error","message":"USER NOT FOUND"}
{"level":"error","message":"relation \"Movies\" does not exist"}
{"level":"error","message":"Access denied. No token provided"}
{"level":"error","message":"Validation error"}
{"level":"error","message":"Validation error"}
{"level":"error","message":"USER NOT FOUND"}
{"level":"error","message":"PASSWORD INCORRECT"}
{"level":"error","message":"Access denied. No token provided"}
{"level":"error","message":"Access denied. No token provided"}
{"level":"error","message":"Validation error"}
{"level":"error","message":"Validation error"}
{"level":"error","message":"USER NOT FOUND"}
{"level":"error","message":"PASSWORD INCORRECT"}
{"level":"error","message":"Access denied. No token provided"}
{"level":"error","message":"Validation error"}
{"level":"error","message":"Validation error"}
{"level":"error","message":"USER NOT FOUND"}
{"level":"error","message":"PASSWORD INCORRECT"}
{"level":"error","message":"Access denied. No token provided"}
